{"/home/kryz/Documentos/fullstackopen/part5/blog/src/components/BlogForm.jsx": {"path":"/home/kryz/Documentos/fullstackopen/part5/blog/src/components/BlogForm.jsx","all":false,"statementMap":{"0":{"start":{"line":1,"column":0},"end":{"line":1,"column":40}},"1":{"start":{"line":2,"column":0},"end":{"line":2,"column":35}},"2":{"start":{"line":3,"column":0},"end":{"line":3,"column":34}},"4":{"start":{"line":5,"column":0},"end":{"line":5,"column":40}},"5":{"start":{"line":6,"column":0},"end":{"line":6,"column":40}},"6":{"start":{"line":7,"column":0},"end":{"line":7,"column":42}},"7":{"start":{"line":8,"column":0},"end":{"line":8,"column":36}},"8":{"start":{"line":9,"column":0},"end":{"line":9,"column":40}},"10":{"start":{"line":11,"column":0},"end":{"line":11,"column":31}},"12":{"start":{"line":13,"column":0},"end":{"line":13,"column":39}},"13":{"start":{"line":14,"column":0},"end":{"line":14,"column":26}},"15":{"start":{"line":16,"column":0},"end":{"line":16,"column":22}},"16":{"start":{"line":17,"column":0},"end":{"line":17,"column":12}},"17":{"start":{"line":18,"column":0},"end":{"line":18,"column":13}},"18":{"start":{"line":19,"column":0},"end":{"line":19,"column":10}},"19":{"start":{"line":20,"column":0},"end":{"line":20,"column":24}},"20":{"start":{"line":21,"column":0},"end":{"line":21,"column":5}},"22":{"start":{"line":23,"column":0},"end":{"line":23,"column":9}},"23":{"start":{"line":24,"column":0},"end":{"line":24,"column":34}},"25":{"start":{"line":26,"column":0},"end":{"line":26,"column":18}},"26":{"start":{"line":27,"column":0},"end":{"line":27,"column":19}},"27":{"start":{"line":28,"column":0},"end":{"line":28,"column":16}},"28":{"start":{"line":29,"column":0},"end":{"line":29,"column":18}},"29":{"start":{"line":30,"column":0},"end":{"line":30,"column":45}},"30":{"start":{"line":31,"column":0},"end":{"line":31,"column":21}},"32":{"start":{"line":33,"column":0},"end":{"line":33,"column":5}},"33":{"start":{"line":34,"column":0},"end":{"line":34,"column":3}},"35":{"start":{"line":36,"column":0},"end":{"line":36,"column":38}},"36":{"start":{"line":37,"column":0},"end":{"line":37,"column":32}},"37":{"start":{"line":38,"column":0},"end":{"line":38,"column":3}},"39":{"start":{"line":40,"column":0},"end":{"line":40,"column":39}},"40":{"start":{"line":41,"column":0},"end":{"line":41,"column":33}},"41":{"start":{"line":42,"column":0},"end":{"line":42,"column":3}},"43":{"start":{"line":44,"column":0},"end":{"line":44,"column":36}},"44":{"start":{"line":45,"column":0},"end":{"line":45,"column":30}},"45":{"start":{"line":46,"column":0},"end":{"line":46,"column":3}},"47":{"start":{"line":48,"column":0},"end":{"line":48,"column":38}},"48":{"start":{"line":49,"column":0},"end":{"line":49,"column":32}},"49":{"start":{"line":50,"column":0},"end":{"line":50,"column":3}},"51":{"start":{"line":52,"column":0},"end":{"line":52,"column":10}},"52":{"start":{"line":53,"column":0},"end":{"line":53,"column":57}},"53":{"start":{"line":54,"column":0},"end":{"line":54,"column":25}},"54":{"start":{"line":55,"column":0},"end":{"line":55,"column":36}},"55":{"start":{"line":56,"column":0},"end":{"line":56,"column":13}},"57":{"start":{"line":58,"column":0},"end":{"line":58,"column":62}},"58":{"start":{"line":59,"column":0},"end":{"line":59,"column":14}},"59":{"start":{"line":60,"column":0},"end":{"line":60,"column":13}},"61":{"start":{"line":62,"column":0},"end":{"line":62,"column":64}},"62":{"start":{"line":63,"column":0},"end":{"line":63,"column":14}},"63":{"start":{"line":64,"column":0},"end":{"line":64,"column":13}},"65":{"start":{"line":66,"column":0},"end":{"line":66,"column":58}},"66":{"start":{"line":67,"column":0},"end":{"line":67,"column":14}},"67":{"start":{"line":68,"column":0},"end":{"line":68,"column":13}},"69":{"start":{"line":70,"column":0},"end":{"line":70,"column":62}},"70":{"start":{"line":71,"column":0},"end":{"line":71,"column":14}},"71":{"start":{"line":72,"column":0},"end":{"line":72,"column":45}},"72":{"start":{"line":73,"column":0},"end":{"line":73,"column":13}},"73":{"start":{"line":74,"column":0},"end":{"line":74,"column":16}},"75":{"start":{"line":76,"column":0},"end":{"line":76,"column":1}},"77":{"start":{"line":78,"column":0},"end":{"line":78,"column":22}},"78":{"start":{"line":79,"column":0},"end":{"line":79,"column":31}},"79":{"start":{"line":80,"column":0},"end":{"line":80,"column":1}},"80":{"start":{"line":81,"column":0},"end":{"line":81,"column":23}}},"s":{"0":1,"1":1,"2":1,"4":1,"5":81,"6":81,"7":81,"8":81,"10":81,"12":81,"13":1,"15":1,"16":1,"17":1,"18":1,"19":1,"20":1,"22":1,"23":1,"25":1,"26":1,"27":1,"28":1,"29":1,"30":1,"32":0,"33":1,"35":81,"36":52,"37":52,"39":81,"40":8,"41":8,"43":81,"44":18,"45":18,"47":81,"48":1,"49":1,"51":81,"52":81,"53":81,"54":81,"55":81,"57":81,"58":81,"59":81,"61":81,"62":81,"63":81,"65":81,"66":81,"67":81,"69":81,"70":81,"71":81,"72":81,"73":81,"75":81,"77":1,"78":1,"79":1,"80":1},"branchMap":{"0":{"type":"branch","line":5,"loc":{"start":{"line":5,"column":17},"end":{"line":76,"column":1}},"locations":[{"start":{"line":5,"column":17},"end":{"line":76,"column":1}}]},"1":{"type":"branch","line":13,"loc":{"start":{"line":13,"column":23},"end":{"line":34,"column":3}},"locations":[{"start":{"line":13,"column":23},"end":{"line":34,"column":3}}]},"2":{"type":"branch","line":20,"loc":{"start":{"line":20,"column":13},"end":{"line":20,"column":24}},"locations":[{"start":{"line":20,"column":13},"end":{"line":20,"column":24}}]},"3":{"type":"branch","line":31,"loc":{"start":{"line":31,"column":4},"end":{"line":33,"column":5}},"locations":[{"start":{"line":31,"column":4},"end":{"line":33,"column":5}}]},"4":{"type":"branch","line":36,"loc":{"start":{"line":36,"column":28},"end":{"line":38,"column":3}},"locations":[{"start":{"line":36,"column":28},"end":{"line":38,"column":3}}]},"5":{"type":"branch","line":40,"loc":{"start":{"line":40,"column":29},"end":{"line":42,"column":3}},"locations":[{"start":{"line":40,"column":29},"end":{"line":42,"column":3}}]},"6":{"type":"branch","line":44,"loc":{"start":{"line":44,"column":26},"end":{"line":46,"column":3}},"locations":[{"start":{"line":44,"column":26},"end":{"line":46,"column":3}}]},"7":{"type":"branch","line":48,"loc":{"start":{"line":48,"column":28},"end":{"line":50,"column":3}},"locations":[{"start":{"line":48,"column":28},"end":{"line":50,"column":3}}]}},"b":{"0":[81],"1":[1],"2":[0],"3":[0],"4":[52],"5":[8],"6":[18],"7":[1]},"fnMap":{"0":{"name":"BlogForm","decl":{"start":{"line":5,"column":17},"end":{"line":76,"column":1}},"loc":{"start":{"line":5,"column":17},"end":{"line":76,"column":1}},"line":5},"1":{"name":"handleSubmit","decl":{"start":{"line":13,"column":23},"end":{"line":34,"column":3}},"loc":{"start":{"line":13,"column":23},"end":{"line":34,"column":3}},"line":13},"2":{"name":"handleTitleChange","decl":{"start":{"line":36,"column":28},"end":{"line":38,"column":3}},"loc":{"start":{"line":36,"column":28},"end":{"line":38,"column":3}},"line":36},"3":{"name":"handleAuthorChange","decl":{"start":{"line":40,"column":29},"end":{"line":42,"column":3}},"loc":{"start":{"line":40,"column":29},"end":{"line":42,"column":3}},"line":40},"4":{"name":"handleUrlChange","decl":{"start":{"line":44,"column":26},"end":{"line":46,"column":3}},"loc":{"start":{"line":44,"column":26},"end":{"line":46,"column":3}},"line":44},"5":{"name":"handleLikesChange","decl":{"start":{"line":48,"column":28},"end":{"line":50,"column":3}},"loc":{"start":{"line":48,"column":28},"end":{"line":50,"column":3}},"line":48}},"f":{"0":81,"1":1,"2":52,"3":8,"4":18,"5":1}}
,"/home/kryz/Documentos/fullstackopen/part5/blog/src/components/Blogs.jsx": {"path":"/home/kryz/Documentos/fullstackopen/part5/blog/src/components/Blogs.jsx","all":false,"statementMap":{"0":{"start":{"line":1,"column":0},"end":{"line":1,"column":37}},"1":{"start":{"line":2,"column":0},"end":{"line":2,"column":34}},"3":{"start":{"line":4,"column":0},"end":{"line":4,"column":56}},"4":{"start":{"line":5,"column":0},"end":{"line":5,"column":21}},"5":{"start":{"line":6,"column":0},"end":{"line":6,"column":19}},"6":{"start":{"line":7,"column":0},"end":{"line":7,"column":19}},"7":{"start":{"line":8,"column":0},"end":{"line":8,"column":20}},"8":{"start":{"line":9,"column":0},"end":{"line":9,"column":19}},"9":{"start":{"line":10,"column":0},"end":{"line":10,"column":20}},"10":{"start":{"line":11,"column":0},"end":{"line":11,"column":3}},"12":{"start":{"line":13,"column":0},"end":{"line":13,"column":61}},"14":{"start":{"line":15,"column":0},"end":{"line":15,"column":10}},"15":{"start":{"line":16,"column":0},"end":{"line":16,"column":9}},"16":{"start":{"line":17,"column":0},"end":{"line":17,"column":32}},"17":{"start":{"line":18,"column":0},"end":{"line":18,"column":45}},"18":{"start":{"line":19,"column":0},"end":{"line":19,"column":60}},"19":{"start":{"line":20,"column":0},"end":{"line":20,"column":15}},"20":{"start":{"line":21,"column":0},"end":{"line":21,"column":47}},"21":{"start":{"line":22,"column":0},"end":{"line":22,"column":16}},"22":{"start":{"line":23,"column":0},"end":{"line":23,"column":15}},"23":{"start":{"line":24,"column":0},"end":{"line":24,"column":32}},"24":{"start":{"line":25,"column":0},"end":{"line":25,"column":71}},"25":{"start":{"line":26,"column":0},"end":{"line":26,"column":16}},"26":{"start":{"line":27,"column":0},"end":{"line":27,"column":32}},"27":{"start":{"line":28,"column":0},"end":{"line":28,"column":19}},"28":{"start":{"line":29,"column":0},"end":{"line":29,"column":63}},"29":{"start":{"line":30,"column":0},"end":{"line":30,"column":22}},"30":{"start":{"line":31,"column":0},"end":{"line":31,"column":43}},"31":{"start":{"line":32,"column":0},"end":{"line":32,"column":36}},"32":{"start":{"line":33,"column":0},"end":{"line":33,"column":32}},"33":{"start":{"line":34,"column":0},"end":{"line":34,"column":31}},"34":{"start":{"line":35,"column":0},"end":{"line":35,"column":39}},"35":{"start":{"line":36,"column":0},"end":{"line":36,"column":16}},"36":{"start":{"line":37,"column":0},"end":{"line":37,"column":13}},"38":{"start":{"line":39,"column":0},"end":{"line":39,"column":21}},"39":{"start":{"line":40,"column":0},"end":{"line":40,"column":24}},"40":{"start":{"line":41,"column":0},"end":{"line":41,"column":14}},"41":{"start":{"line":42,"column":0},"end":{"line":42,"column":9}},"42":{"start":{"line":43,"column":0},"end":{"line":43,"column":10}},"44":{"start":{"line":45,"column":0},"end":{"line":45,"column":1}},"46":{"start":{"line":47,"column":0},"end":{"line":47,"column":19}},"47":{"start":{"line":48,"column":0},"end":{"line":48,"column":25}},"48":{"start":{"line":49,"column":0},"end":{"line":49,"column":31}},"49":{"start":{"line":50,"column":0},"end":{"line":50,"column":29}},"50":{"start":{"line":51,"column":0},"end":{"line":51,"column":1}},"52":{"start":{"line":53,"column":0},"end":{"line":53,"column":20}}},"s":{"0":1,"1":1,"3":1,"4":4,"5":4,"6":4,"7":4,"8":4,"9":4,"10":4,"12":4,"14":4,"15":4,"16":4,"17":4,"18":4,"19":4,"20":4,"21":4,"22":4,"23":4,"24":4,"25":4,"26":4,"27":4,"28":4,"29":4,"30":4,"31":4,"32":4,"33":4,"34":4,"35":4,"36":4,"38":4,"39":4,"40":4,"41":4,"42":4,"44":4,"46":1,"47":1,"48":1,"49":1,"50":1,"52":1},"branchMap":{"0":{"type":"branch","line":4,"loc":{"start":{"line":4,"column":14},"end":{"line":45,"column":1}},"locations":[{"start":{"line":4,"column":14},"end":{"line":45,"column":1}}]},"1":{"type":"branch","line":17,"loc":{"start":{"line":17,"column":23},"end":{"line":41,"column":14}},"locations":[{"start":{"line":17,"column":23},"end":{"line":41,"column":14}}]},"2":{"type":"branch","line":25,"loc":{"start":{"line":25,"column":31},"end":{"line":25,"column":58}},"locations":[{"start":{"line":25,"column":31},"end":{"line":25,"column":58}}]},"3":{"type":"branch","line":29,"loc":{"start":{"line":29,"column":23},"end":{"line":29,"column":63}},"locations":[{"start":{"line":29,"column":23},"end":{"line":29,"column":63}}]}},"b":{"0":[4],"1":[4],"2":[2],"3":[1]},"fnMap":{"0":{"name":"Blogs","decl":{"start":{"line":4,"column":14},"end":{"line":45,"column":1}},"loc":{"start":{"line":4,"column":14},"end":{"line":45,"column":1}},"line":4},"1":{"name":"onClick","decl":{"start":{"line":25,"column":31},"end":{"line":25,"column":58}},"loc":{"start":{"line":25,"column":31},"end":{"line":25,"column":58}},"line":25},"2":{"name":"onClick","decl":{"start":{"line":29,"column":23},"end":{"line":29,"column":63}},"loc":{"start":{"line":29,"column":23},"end":{"line":29,"column":63}},"line":29}},"f":{"0":4,"1":2,"2":1}}
,"/home/kryz/Documentos/fullstackopen/part5/blog/src/components/Togglable.jsx": {"path":"/home/kryz/Documentos/fullstackopen/part5/blog/src/components/Togglable.jsx","all":false,"statementMap":{"0":{"start":{"line":1,"column":0},"end":{"line":1,"column":65}},"1":{"start":{"line":2,"column":0},"end":{"line":2,"column":34}},"2":{"start":{"line":3,"column":0},"end":{"line":3,"column":26}},"4":{"start":{"line":5,"column":0},"end":{"line":5,"column":77}},"5":{"start":{"line":6,"column":0},"end":{"line":6,"column":47}},"7":{"start":{"line":8,"column":0},"end":{"line":8,"column":60}},"8":{"start":{"line":9,"column":0},"end":{"line":9,"column":60}},"10":{"start":{"line":11,"column":0},"end":{"line":11,"column":53}},"12":{"start":{"line":13,"column":0},"end":{"line":13,"column":34}},"13":{"start":{"line":14,"column":0},"end":{"line":14,"column":12}},"14":{"start":{"line":15,"column":0},"end":{"line":15,"column":23}},"15":{"start":{"line":16,"column":0},"end":{"line":16,"column":5}},"16":{"start":{"line":17,"column":0},"end":{"line":17,"column":4}},"18":{"start":{"line":19,"column":0},"end":{"line":19,"column":10}},"19":{"start":{"line":20,"column":0},"end":{"line":20,"column":9}},"20":{"start":{"line":21,"column":0},"end":{"line":21,"column":35}},"21":{"start":{"line":22,"column":0},"end":{"line":22,"column":71}},"22":{"start":{"line":23,"column":0},"end":{"line":23,"column":73}},"23":{"start":{"line":24,"column":0},"end":{"line":24,"column":12}},"25":{"start":{"line":26,"column":0},"end":{"line":26,"column":35}},"26":{"start":{"line":27,"column":0},"end":{"line":27,"column":71}},"27":{"start":{"line":28,"column":0},"end":{"line":28,"column":51}},"28":{"start":{"line":29,"column":0},"end":{"line":29,"column":44}},"29":{"start":{"line":30,"column":0},"end":{"line":30,"column":17}},"30":{"start":{"line":31,"column":0},"end":{"line":31,"column":18}},"31":{"start":{"line":32,"column":0},"end":{"line":32,"column":12}},"32":{"start":{"line":33,"column":0},"end":{"line":33,"column":10}},"34":{"start":{"line":35,"column":0},"end":{"line":35,"column":2}},"36":{"start":{"line":37,"column":0},"end":{"line":37,"column":35}},"38":{"start":{"line":39,"column":0},"end":{"line":39,"column":23}},"39":{"start":{"line":40,"column":0},"end":{"line":40,"column":43}},"40":{"start":{"line":41,"column":0},"end":{"line":41,"column":38}},"41":{"start":{"line":42,"column":0},"end":{"line":42,"column":25}},"42":{"start":{"line":43,"column":0},"end":{"line":43,"column":1}},"44":{"start":{"line":45,"column":0},"end":{"line":45,"column":24}}},"s":{"0":1,"1":1,"2":1,"4":1,"5":95,"7":95,"8":95,"10":95,"12":95,"13":82,"14":82,"15":82,"16":95,"18":95,"19":95,"20":95,"21":95,"22":95,"23":95,"25":95,"26":95,"27":95,"28":95,"29":95,"30":95,"31":95,"32":95,"34":95,"36":1,"38":1,"39":1,"40":1,"41":1,"42":1,"44":1},"branchMap":{"0":{"type":"branch","line":5,"loc":{"start":{"line":5,"column":29},"end":{"line":35,"column":2}},"locations":[{"start":{"line":5,"column":29},"end":{"line":35,"column":2}}]},"1":{"type":"branch","line":8,"loc":{"start":{"line":8,"column":37},"end":{"line":8,"column":56}},"locations":[{"start":{"line":8,"column":37},"end":{"line":8,"column":56}}]},"2":{"type":"branch","line":8,"loc":{"start":{"line":8,"column":47},"end":{"line":8,"column":59}},"locations":[{"start":{"line":8,"column":47},"end":{"line":8,"column":59}}]},"3":{"type":"branch","line":9,"loc":{"start":{"line":9,"column":37},"end":{"line":9,"column":52}},"locations":[{"start":{"line":9,"column":37},"end":{"line":9,"column":52}}]},"4":{"type":"branch","line":9,"loc":{"start":{"line":9,"column":47},"end":{"line":9,"column":59}},"locations":[{"start":{"line":9,"column":47},"end":{"line":9,"column":59}}]},"5":{"type":"branch","line":22,"loc":{"start":{"line":22,"column":9},"end":{"line":22,"column":71}},"locations":[{"start":{"line":22,"column":9},"end":{"line":22,"column":71}}]},"6":{"type":"branch","line":27,"loc":{"start":{"line":27,"column":9},"end":{"line":27,"column":71}},"locations":[{"start":{"line":27,"column":9},"end":{"line":27,"column":71}}]},"7":{"type":"branch","line":11,"loc":{"start":{"line":11,"column":27},"end":{"line":11,"column":53}},"locations":[{"start":{"line":11,"column":27},"end":{"line":11,"column":53}}]},"8":{"type":"branch","line":13,"loc":{"start":{"line":13,"column":27},"end":{"line":17,"column":3}},"locations":[{"start":{"line":13,"column":27},"end":{"line":17,"column":3}}]},"9":{"type":"branch","line":23,"loc":{"start":{"line":23,"column":25},"end":{"line":23,"column":52}},"locations":[{"start":{"line":23,"column":25},"end":{"line":23,"column":52}}]},"10":{"type":"branch","line":28,"loc":{"start":{"line":28,"column":25},"end":{"line":28,"column":51}},"locations":[{"start":{"line":28,"column":25},"end":{"line":28,"column":51}}]}},"b":{"0":[95],"1":[85],"2":[10],"3":[85],"4":[10],"5":[7],"6":[7],"7":[7],"8":[82],"9":[5],"10":[1]},"fnMap":{"0":{"name":"toggleVisibility","decl":{"start":{"line":11,"column":27},"end":{"line":11,"column":53}},"loc":{"start":{"line":11,"column":27},"end":{"line":11,"column":53}},"line":11},"1":{"name":"onClick","decl":{"start":{"line":23,"column":25},"end":{"line":23,"column":52}},"loc":{"start":{"line":23,"column":25},"end":{"line":23,"column":52}},"line":23},"2":{"name":"onClick","decl":{"start":{"line":28,"column":25},"end":{"line":28,"column":51}},"loc":{"start":{"line":28,"column":25},"end":{"line":28,"column":51}},"line":28}},"f":{"0":7,"1":5,"2":1}}
,"/home/kryz/Documentos/fullstackopen/part5/blog/src/i18n/index.js": {"path":"/home/kryz/Documentos/fullstackopen/part5/blog/src/i18n/index.js","all":false,"statementMap":{"0":{"start":{"line":1,"column":0},"end":{"line":1,"column":16}},"1":{"start":{"line":2,"column":0},"end":{"line":2,"column":14}},"2":{"start":{"line":3,"column":0},"end":{"line":3,"column":30}},"3":{"start":{"line":4,"column":0},"end":{"line":4,"column":4}},"4":{"start":{"line":5,"column":0},"end":{"line":5,"column":1}}},"s":{"0":1,"1":1,"2":1,"3":1,"4":1},"branchMap":{},"b":{},"fnMap":{},"f":{}}
}
