<?xml version="1.0" encoding="UTF-8"?>
<coverage generated="1759034198882" clover="3.2.0">
  <project timestamp="1759034198882" name="All files">
    <metrics statements="149" coveredstatements="148" conditionals="23" coveredconditionals="21" methods="12" coveredmethods="12" elements="184" coveredelements="181" complexity="0" loc="149" ncloc="149" packages="2" files="4" classes="4"/>
    <package name="components">
      <metrics statements="144" coveredstatements="143" conditionals="23" coveredconditionals="21" methods="12" coveredmethods="12"/>
      <file name="BlogForm.jsx" path="/home/kryz/Documentos/fullstackopen/part5/blog/src/components/BlogForm.jsx">
        <metrics statements="63" coveredstatements="62" conditionals="8" coveredconditionals="6" methods="6" coveredmethods="6"/>
        <line num="1" count="1" type="stmt"/>
        <line num="2" count="1" type="stmt"/>
        <line num="3" count="1" type="stmt"/>
        <line num="5" count="1" type="cond" truecount="1" falsecount="0"/>
        <line num="6" count="81" type="stmt"/>
        <line num="7" count="81" type="stmt"/>
        <line num="8" count="81" type="stmt"/>
        <line num="9" count="81" type="stmt"/>
        <line num="11" count="81" type="stmt"/>
        <line num="13" count="81" type="cond" truecount="1" falsecount="0"/>
        <line num="14" count="1" type="stmt"/>
        <line num="16" count="1" type="stmt"/>
        <line num="17" count="1" type="stmt"/>
        <line num="18" count="1" type="stmt"/>
        <line num="19" count="1" type="stmt"/>
        <line num="20" count="1" type="cond" truecount="0" falsecount="1"/>
        <line num="21" count="1" type="stmt"/>
        <line num="23" count="1" type="stmt"/>
        <line num="24" count="1" type="stmt"/>
        <line num="26" count="1" type="stmt"/>
        <line num="27" count="1" type="stmt"/>
        <line num="28" count="1" type="stmt"/>
        <line num="29" count="1" type="stmt"/>
        <line num="30" count="1" type="stmt"/>
        <line num="31" count="1" type="cond" truecount="0" falsecount="1"/>
        <line num="33" count="0" type="stmt"/>
        <line num="34" count="1" type="stmt"/>
        <line num="36" count="81" type="cond" truecount="1" falsecount="0"/>
        <line num="37" count="52" type="stmt"/>
        <line num="38" count="52" type="stmt"/>
        <line num="40" count="81" type="cond" truecount="1" falsecount="0"/>
        <line num="41" count="8" type="stmt"/>
        <line num="42" count="8" type="stmt"/>
        <line num="44" count="81" type="cond" truecount="1" falsecount="0"/>
        <line num="45" count="18" type="stmt"/>
        <line num="46" count="18" type="stmt"/>
        <line num="48" count="81" type="cond" truecount="1" falsecount="0"/>
        <line num="49" count="1" type="stmt"/>
        <line num="50" count="1" type="stmt"/>
        <line num="52" count="81" type="stmt"/>
        <line num="53" count="81" type="stmt"/>
        <line num="54" count="81" type="stmt"/>
        <line num="55" count="81" type="stmt"/>
        <line num="56" count="81" type="stmt"/>
        <line num="58" count="81" type="stmt"/>
        <line num="59" count="81" type="stmt"/>
        <line num="60" count="81" type="stmt"/>
        <line num="62" count="81" type="stmt"/>
        <line num="63" count="81" type="stmt"/>
        <line num="64" count="81" type="stmt"/>
        <line num="66" count="81" type="stmt"/>
        <line num="67" count="81" type="stmt"/>
        <line num="68" count="81" type="stmt"/>
        <line num="70" count="81" type="stmt"/>
        <line num="71" count="81" type="stmt"/>
        <line num="72" count="81" type="stmt"/>
        <line num="73" count="81" type="stmt"/>
        <line num="74" count="81" type="stmt"/>
        <line num="76" count="81" type="stmt"/>
        <line num="78" count="1" type="stmt"/>
        <line num="79" count="1" type="stmt"/>
        <line num="80" count="1" type="stmt"/>
        <line num="81" count="1" type="stmt"/>
      </file>
      <file name="Blogs.jsx" path="/home/kryz/Documentos/fullstackopen/part5/blog/src/components/Blogs.jsx">
        <metrics statements="46" coveredstatements="46" conditionals="4" coveredconditionals="4" methods="3" coveredmethods="3"/>
        <line num="1" count="1" type="stmt"/>
        <line num="2" count="1" type="stmt"/>
        <line num="4" count="1" type="cond" truecount="1" falsecount="0"/>
        <line num="5" count="4" type="stmt"/>
        <line num="6" count="4" type="stmt"/>
        <line num="7" count="4" type="stmt"/>
        <line num="8" count="4" type="stmt"/>
        <line num="9" count="4" type="stmt"/>
        <line num="10" count="4" type="stmt"/>
        <line num="11" count="4" type="stmt"/>
        <line num="13" count="4" type="stmt"/>
        <line num="15" count="4" type="stmt"/>
        <line num="16" count="4" type="stmt"/>
        <line num="17" count="4" type="cond" truecount="1" falsecount="0"/>
        <line num="18" count="4" type="stmt"/>
        <line num="19" count="4" type="stmt"/>
        <line num="20" count="4" type="stmt"/>
        <line num="21" count="4" type="stmt"/>
        <line num="22" count="4" type="stmt"/>
        <line num="23" count="4" type="stmt"/>
        <line num="24" count="4" type="stmt"/>
        <line num="25" count="4" type="cond" truecount="1" falsecount="0"/>
        <line num="26" count="4" type="stmt"/>
        <line num="27" count="4" type="stmt"/>
        <line num="28" count="4" type="stmt"/>
        <line num="29" count="4" type="cond" truecount="1" falsecount="0"/>
        <line num="30" count="4" type="stmt"/>
        <line num="31" count="4" type="stmt"/>
        <line num="32" count="4" type="stmt"/>
        <line num="33" count="4" type="stmt"/>
        <line num="34" count="4" type="stmt"/>
        <line num="35" count="4" type="stmt"/>
        <line num="36" count="4" type="stmt"/>
        <line num="37" count="4" type="stmt"/>
        <line num="39" count="4" type="stmt"/>
        <line num="40" count="4" type="stmt"/>
        <line num="41" count="4" type="stmt"/>
        <line num="42" count="4" type="stmt"/>
        <line num="43" count="4" type="stmt"/>
        <line num="45" count="4" type="stmt"/>
        <line num="47" count="1" type="stmt"/>
        <line num="48" count="1" type="stmt"/>
        <line num="49" count="1" type="stmt"/>
        <line num="50" count="1" type="stmt"/>
        <line num="51" count="1" type="stmt"/>
        <line num="53" count="1" type="stmt"/>
      </file>
      <file name="Togglable.jsx" path="/home/kryz/Documentos/fullstackopen/part5/blog/src/components/Togglable.jsx">
        <metrics statements="35" coveredstatements="35" conditionals="11" coveredconditionals="11" methods="3" coveredmethods="3"/>
        <line num="1" count="1" type="stmt"/>
        <line num="2" count="1" type="stmt"/>
        <line num="3" count="1" type="stmt"/>
        <line num="5" count="1" type="cond" truecount="1" falsecount="0"/>
        <line num="6" count="95" type="stmt"/>
        <line num="8" count="95" type="cond" truecount="2" falsecount="0"/>
        <line num="9" count="95" type="cond" truecount="2" falsecount="0"/>
        <line num="11" count="95" type="cond" truecount="1" falsecount="0"/>
        <line num="13" count="95" type="cond" truecount="1" falsecount="0"/>
        <line num="14" count="82" type="stmt"/>
        <line num="15" count="82" type="stmt"/>
        <line num="16" count="82" type="stmt"/>
        <line num="17" count="95" type="stmt"/>
        <line num="19" count="95" type="stmt"/>
        <line num="20" count="95" type="stmt"/>
        <line num="21" count="95" type="stmt"/>
        <line num="22" count="95" type="cond" truecount="1" falsecount="0"/>
        <line num="23" count="95" type="cond" truecount="1" falsecount="0"/>
        <line num="24" count="95" type="stmt"/>
        <line num="26" count="95" type="stmt"/>
        <line num="27" count="95" type="cond" truecount="1" falsecount="0"/>
        <line num="28" count="95" type="cond" truecount="1" falsecount="0"/>
        <line num="29" count="95" type="stmt"/>
        <line num="30" count="95" type="stmt"/>
        <line num="31" count="95" type="stmt"/>
        <line num="32" count="95" type="stmt"/>
        <line num="33" count="95" type="stmt"/>
        <line num="35" count="95" type="stmt"/>
        <line num="37" count="1" type="stmt"/>
        <line num="39" count="1" type="stmt"/>
        <line num="40" count="1" type="stmt"/>
        <line num="41" count="1" type="stmt"/>
        <line num="42" count="1" type="stmt"/>
        <line num="43" count="1" type="stmt"/>
        <line num="45" count="1" type="stmt"/>
      </file>
    </package>
    <package name="i18n">
      <metrics statements="5" coveredstatements="5" conditionals="0" coveredconditionals="0" methods="0" coveredmethods="0"/>
      <file name="index.js" path="/home/kryz/Documentos/fullstackopen/part5/blog/src/i18n/index.js">
        <metrics statements="5" coveredstatements="5" conditionals="0" coveredconditionals="0" methods="0" coveredmethods="0"/>
        <line num="1" count="1" type="stmt"/>
        <line num="2" count="1" type="stmt"/>
        <line num="3" count="1" type="stmt"/>
        <line num="4" count="1" type="stmt"/>
        <line num="5" count="1" type="stmt"/>
      </file>
    </package>
  </project>
</coverage>
